<?xml version="1.0" encoding="UTF-8"?>
<testng-results skipped="0" failed="1" ignored="0" total="2" passed="1">
  <reporter-output>
  </reporter-output>
  <suite name="Default suite" duration-ms="24533" started-at="2021-04-17T22:01:27 IST" finished-at="2021-04-17T22:01:51 IST">
    <groups>
    </groups>
    <test name="Default test" duration-ms="24533" started-at="2021-04-17T22:01:27 IST" finished-at="2021-04-17T22:01:51 IST">
      <class name="com.web.automationpractice.loginTest">
        <test-method status="PASS" signature="init()[pri:0, instance:com.web.automationpractice.loginTest@646d64ab]" name="init" is-config="true" duration-ms="221" started-at="2021-04-17T22:01:26 IST" finished-at="2021-04-17T22:01:27 IST">
          <reporter-output>
          </reporter-output>
        </test-method> <!-- init -->
        <test-method status="PASS" signature="setup()[pri:0, instance:com.web.automationpractice.loginTest@646d64ab]" name="setup" is-config="true" duration-ms="3936" started-at="2021-04-17T22:01:27 IST" finished-at="2021-04-17T22:01:31 IST">
          <reporter-output>
          </reporter-output>
        </test-method> <!-- setup -->
        <test-method status="PASS" signature="load()[pri:0, instance:com.web.automationpractice.loginTest@646d64ab]" name="load" is-config="true" duration-ms="5460" started-at="2021-04-17T22:01:31 IST" finished-at="2021-04-17T22:01:36 IST">
          <reporter-output>
          </reporter-output>
        </test-method> <!-- load -->
        <test-method status="FAIL" signature="invalidLogin()[pri:0, instance:com.web.automationpractice.loginTest@646d64ab]" name="invalidLogin" duration-ms="2113" started-at="2021-04-17T22:01:36 IST" finished-at="2021-04-17T22:01:38 IST">
          <exception class="java.lang.AssertionError">
            <message>
              <![CDATA[null]]>
            </message>
            <full-stacktrace>
              <![CDATA[java.lang.AssertionError: null
at org.testng.Assert.fail(Assert.java:99)
at org.testng.Assert.fail(Assert.java:106)
at com.web.automationpractice.loginTest.invalidLogin(loginTest.java:84)
at sun.reflect.NativeMethodAccessorImpl.invoke0(Native Method)
at sun.reflect.NativeMethodAccessorImpl.invoke(NativeMethodAccessorImpl.java:62)
at sun.reflect.DelegatingMethodAccessorImpl.invoke(DelegatingMethodAccessorImpl.java:43)
at java.lang.reflect.Method.invoke(Method.java:498)
at org.testng.internal.MethodInvocationHelper.invokeMethod(MethodInvocationHelper.java:132)
at org.testng.internal.TestInvoker.invokeMethod(TestInvoker.java:599)
at org.testng.internal.TestInvoker.invokeTestMethod(TestInvoker.java:174)
at org.testng.internal.MethodRunner.runInSequence(MethodRunner.java:46)
at org.testng.internal.TestInvoker$MethodInvocationAgent.invoke(TestInvoker.java:822)
at org.testng.internal.TestInvoker.invokeTestMethods(TestInvoker.java:147)
at org.testng.internal.TestMethodWorker.invokeTestMethods(TestMethodWorker.java:146)
at org.testng.internal.TestMethodWorker.run(TestMethodWorker.java:128)
at java.util.ArrayList.forEach(ArrayList.java:1257)
at org.testng.TestRunner.privateRun(TestRunner.java:764)
at org.testng.TestRunner.run(TestRunner.java:585)
at org.testng.SuiteRunner.runTest(SuiteRunner.java:384)
at org.testng.SuiteRunner.runSequentially(SuiteRunner.java:378)
at org.testng.SuiteRunner.privateRun(SuiteRunner.java:337)
at org.testng.SuiteRunner.run(SuiteRunner.java:286)
at org.testng.SuiteRunnerWorker.runSuite(SuiteRunnerWorker.java:53)
at org.testng.SuiteRunnerWorker.run(SuiteRunnerWorker.java:96)
at org.testng.TestNG.runSuitesSequentially(TestNG.java:1218)
at org.testng.TestNG.runSuitesLocally(TestNG.java:1140)
at org.testng.TestNG.runSuites(TestNG.java:1069)
at org.testng.TestNG.run(TestNG.java:1037)
at org.testng.remote.AbstractRemoteTestNG.run(AbstractRemoteTestNG.java:115)
at org.testng.remote.RemoteTestNG.initAndRun(RemoteTestNG.java:251)
at org.testng.remote.RemoteTestNG.main(RemoteTestNG.java:77)
]]>
            </full-stacktrace>
          </exception> <!-- java.lang.AssertionError -->
          <reporter-output>
          </reporter-output>
        </test-method> <!-- invalidLogin -->
        <test-method status="PASS" signature="getResult(org.testng.ITestResult)[pri:0, instance:com.web.automationpractice.loginTest@646d64ab]" name="getResult" is-config="true" duration-ms="95" started-at="2021-04-17T22:01:38 IST" finished-at="2021-04-17T22:01:38 IST">
          <params>
            <param index="0">
              <value>
                <![CDATA[[TestResult name=invalidLogin status=FAILURE method=loginTest.invalidLogin()[pri:0, instance:com.web.automationpractice.loginTest@646d64ab] output={null}]]]>
              </value>
            </param>
          </params>
          <reporter-output>
          </reporter-output>
        </test-method> <!-- getResult -->
        <test-method status="PASS" signature="load()[pri:0, instance:com.web.automationpractice.loginTest@646d64ab]" name="load" is-config="true" duration-ms="1221" started-at="2021-04-17T22:01:38 IST" finished-at="2021-04-17T22:01:40 IST">
          <reporter-output>
          </reporter-output>
        </test-method> <!-- load -->
        <test-method status="PASS" signature="loginTesting()[pri:0, instance:com.web.automationpractice.loginTest@646d64ab]" name="loginTesting" duration-ms="11680" started-at="2021-04-17T22:01:40 IST" finished-at="2021-04-17T22:01:51 IST">
          <reporter-output>
          </reporter-output>
        </test-method> <!-- loginTesting -->
        <test-method status="PASS" signature="getResult(org.testng.ITestResult)[pri:0, instance:com.web.automationpractice.loginTest@646d64ab]" name="getResult" is-config="true" duration-ms="0" started-at="2021-04-17T22:01:51 IST" finished-at="2021-04-17T22:01:51 IST">
          <params>
            <param index="0">
              <value>
                <![CDATA[[TestResult name=loginTesting status=SUCCESS method=loginTest.loginTesting()[pri:0, instance:com.web.automationpractice.loginTest@646d64ab] output={null}]]]>
              </value>
            </param>
          </params>
          <reporter-output>
          </reporter-output>
        </test-method> <!-- getResult -->
        <test-method status="PASS" signature="end()[pri:0, instance:com.web.automationpractice.loginTest@646d64ab]" name="end" is-config="true" duration-ms="295" started-at="2021-04-17T22:01:51 IST" finished-at="2021-04-17T22:01:52 IST">
          <reporter-output>
          </reporter-output>
        </test-method> <!-- end -->
      </class> <!-- com.web.automationpractice.loginTest -->
    </test> <!-- Default test -->
  </suite> <!-- Default suite -->
</testng-results>
